2024-12-18T09:51:15.832+05:30  INFO 13504 --- [CarerOutfit-Server] [restartedMain] c.s.c.CarerOutfitServerApplication       : Starting CarerOutfitServerApplication using Java 21.0.4 with PID 13504 (D:\Spring folder\CarerOutfit-Server\target\classes started by Surya in D:\Spring folder\CarerOutfit-Server)
2024-12-18T09:51:15.842+05:30  INFO 13504 --- [CarerOutfit-Server] [restartedMain] c.s.c.CarerOutfitServerApplication       : No active profile set, falling back to 1 default profile: "default"
2024-12-18T09:51:15.893+05:30  INFO 13504 --- [CarerOutfit-Server] [restartedMain] .e.DevToolsPropertyDefaultsPostProcessor : Devtools property defaults active! Set 'spring.devtools.add-properties' to 'false' to disable
2024-12-18T09:51:15.893+05:30  INFO 13504 --- [CarerOutfit-Server] [restartedMain] .e.DevToolsPropertyDefaultsPostProcessor : For additional web related logging consider setting the 'logging.level.web' property to 'DEBUG'
2024-12-18T09:51:16.876+05:30  INFO 13504 --- [CarerOutfit-Server] [restartedMain] .s.d.r.c.RepositoryConfigurationDelegate : Bootstrapping Spring Data JPA repositories in DEFAULT mode.
2024-12-18T09:51:16.933+05:30  INFO 13504 --- [CarerOutfit-Server] [restartedMain] .s.d.r.c.RepositoryConfigurationDelegate : Finished Spring Data repository scanning in 48 ms. Found 3 JPA repository interfaces.
2024-12-18T09:51:17.687+05:30  INFO 13504 --- [CarerOutfit-Server] [restartedMain] o.s.b.w.embedded.tomcat.TomcatWebServer  : Tomcat initialized with port 8080 (http)
2024-12-18T09:51:17.700+05:30  INFO 13504 --- [CarerOutfit-Server] [restartedMain] o.apache.catalina.core.StandardService   : Starting service [Tomcat]
2024-12-18T09:51:17.703+05:30  INFO 13504 --- [CarerOutfit-Server] [restartedMain] o.apache.catalina.core.StandardEngine    : Starting Servlet engine: [Apache Tomcat/10.1.24]
2024-12-18T09:51:17.752+05:30  INFO 13504 --- [CarerOutfit-Server] [restartedMain] o.a.c.c.C.[Tomcat].[localhost].[/]       : Initializing Spring embedded WebApplicationContext
2024-12-18T09:51:17.753+05:30  INFO 13504 --- [CarerOutfit-Server] [restartedMain] w.s.c.ServletWebServerApplicationContext : Root WebApplicationContext: initialization completed in 1859 ms
2024-12-18T09:51:18.016+05:30  INFO 13504 --- [CarerOutfit-Server] [restartedMain] o.hibernate.jpa.internal.util.LogHelper  : HHH000204: Processing PersistenceUnitInfo [name: default]
2024-12-18T09:51:18.083+05:30  INFO 13504 --- [CarerOutfit-Server] [restartedMain] org.hibernate.Version                    : HHH000412: Hibernate ORM core version 6.4.8.Final
2024-12-18T09:51:18.120+05:30  INFO 13504 --- [CarerOutfit-Server] [restartedMain] o.h.c.internal.RegionFactoryInitiator    : HHH000026: Second-level cache disabled
2024-12-18T09:51:18.336+05:30  INFO 13504 --- [CarerOutfit-Server] [restartedMain] o.s.o.j.p.SpringPersistenceUnitInfo      : No LoadTimeWeaver setup: ignoring JPA class transformer
2024-12-18T09:51:18.362+05:30  INFO 13504 --- [CarerOutfit-Server] [restartedMain] com.zaxxer.hikari.HikariDataSource       : HikariPool-1 - Starting...
2024-12-18T09:51:18.680+05:30  INFO 13504 --- [CarerOutfit-Server] [restartedMain] com.zaxxer.hikari.pool.HikariPool        : HikariPool-1 - Added connection com.mysql.cj.jdbc.ConnectionImpl@98b8c6a
2024-12-18T09:51:18.682+05:30  INFO 13504 --- [CarerOutfit-Server] [restartedMain] com.zaxxer.hikari.HikariDataSource       : HikariPool-1 - Start completed.
2024-12-18T09:51:19.575+05:30  INFO 13504 --- [CarerOutfit-Server] [restartedMain] o.h.e.t.j.p.i.JtaPlatformInitiator       : HHH000489: No JTA platform available (set 'hibernate.transaction.jta.platform' to enable JTA platform integration)
2024-12-18T09:51:19.641+05:30  INFO 13504 --- [CarerOutfit-Server] [restartedMain] j.LocalContainerEntityManagerFactoryBean : Initialized JPA EntityManagerFactory for persistence unit 'default'
2024-12-18T09:51:20.315+05:30  WARN 13504 --- [CarerOutfit-Server] [restartedMain] JpaBaseConfiguration$JpaWebConfiguration : spring.jpa.open-in-view is enabled by default. Therefore, database queries may be performed during view rendering. Explicitly configure spring.jpa.open-in-view to disable this warning
2024-12-18T09:51:20.806+05:30  INFO 13504 --- [CarerOutfit-Server] [restartedMain] o.s.b.a.e.web.EndpointLinksResolver      : Exposing 14 endpoint(s) beneath base path '/actuator'
2024-12-18T09:51:20.897+05:30  INFO 13504 --- [CarerOutfit-Server] [restartedMain] o.s.s.web.DefaultSecurityFilterChain     : Will secure any request with [org.springframework.security.web.session.DisableEncodeUrlFilter@4c50bdb0, org.springframework.security.web.context.request.async.WebAsyncManagerIntegrationFilter@288e3130, org.springframework.security.web.context.SecurityContextHolderFilter@11fa582d, org.springframework.security.web.header.HeaderWriterFilter@287d5019, org.springframework.web.filter.CorsFilter@24eaa9d9, org.springframework.security.web.authentication.logout.LogoutFilter@2aa300e2, com.surya.rk.config.JwtAuthenticationFilter@4dc04dda, org.springframework.security.web.authentication.www.BasicAuthenticationFilter@16a5bf70, org.springframework.security.web.savedrequest.RequestCacheAwareFilter@13563407, org.springframework.security.web.servletapi.SecurityContextHolderAwareRequestFilter@5dc2660c, org.springframework.security.web.authentication.AnonymousAuthenticationFilter@7d1682c7, org.springframework.security.web.session.SessionManagementFilter@25735c47, org.springframework.security.web.access.ExceptionTranslationFilter@a2a475c, org.springframework.security.web.access.intercept.AuthorizationFilter@4d96ebb9]
2024-12-18T09:51:21.317+05:30  INFO 13504 --- [CarerOutfit-Server] [restartedMain] o.s.b.d.a.OptionalLiveReloadServer       : LiveReload server is running on port 35729
2024-12-18T09:51:21.384+05:30  INFO 13504 --- [CarerOutfit-Server] [restartedMain] o.s.b.w.embedded.tomcat.TomcatWebServer  : Tomcat started on port 8080 (http) with context path ''
2024-12-18T09:51:21.395+05:30  INFO 13504 --- [CarerOutfit-Server] [restartedMain] c.s.c.CarerOutfitServerApplication       : Started CarerOutfitServerApplication in 5.921 seconds (process running for 6.736)
2024-12-18T09:51:21.978+05:30  INFO 13504 --- [CarerOutfit-Server] [RMI TCP Connection(10)-127.0.0.1] o.a.c.c.C.[Tomcat].[localhost].[/]       : Initializing Spring DispatcherServlet 'dispatcherServlet'
2024-12-18T09:51:21.978+05:30  INFO 13504 --- [CarerOutfit-Server] [RMI TCP Connection(10)-127.0.0.1] o.s.web.servlet.DispatcherServlet        : Initializing Servlet 'dispatcherServlet'
2024-12-18T09:51:21.980+05:30  INFO 13504 --- [CarerOutfit-Server] [RMI TCP Connection(10)-127.0.0.1] o.s.web.servlet.DispatcherServlet        : Completed initialization in 2 ms
2024-12-18T09:52:18.443+05:30  INFO 13504 --- [CarerOutfit-Server] [RMI TCP Connection(11)-127.0.0.1] inMXBeanRegistrar$SpringApplicationAdmin : Application shutdown requested.
2024-12-18T09:52:18.454+05:30  INFO 13504 --- [CarerOutfit-Server] [RMI TCP Connection(11)-127.0.0.1] j.LocalContainerEntityManagerFactoryBean : Closing JPA EntityManagerFactory for persistence unit 'default'
2024-12-18T09:52:18.456+05:30  INFO 13504 --- [CarerOutfit-Server] [RMI TCP Connection(11)-127.0.0.1] com.zaxxer.hikari.HikariDataSource       : HikariPool-1 - Shutdown initiated...
2024-12-18T09:52:18.462+05:30  INFO 13504 --- [CarerOutfit-Server] [RMI TCP Connection(11)-127.0.0.1] com.zaxxer.hikari.HikariDataSource       : HikariPool-1 - Shutdown completed.
2024-12-18T09:53:02.038+05:30  INFO 12788 --- [CarerOutfit-Server] [restartedMain] c.s.c.CarerOutfitServerApplication       : Starting CarerOutfitServerApplication using Java 21.0.4 with PID 12788 (D:\Spring folder\CarerOutfit-Server\target\classes started by Surya in D:\Spring folder\CarerOutfit-Server)
2024-12-18T09:53:02.040+05:30  INFO 12788 --- [CarerOutfit-Server] [restartedMain] c.s.c.CarerOutfitServerApplication       : No active profile set, falling back to 1 default profile: "default"
2024-12-18T09:53:02.079+05:30  INFO 12788 --- [CarerOutfit-Server] [restartedMain] .e.DevToolsPropertyDefaultsPostProcessor : Devtools property defaults active! Set 'spring.devtools.add-properties' to 'false' to disable
2024-12-18T09:53:02.080+05:30  INFO 12788 --- [CarerOutfit-Server] [restartedMain] .e.DevToolsPropertyDefaultsPostProcessor : For additional web related logging consider setting the 'logging.level.web' property to 'DEBUG'
2024-12-18T09:53:02.840+05:30  INFO 12788 --- [CarerOutfit-Server] [restartedMain] .s.d.r.c.RepositoryConfigurationDelegate : Bootstrapping Spring Data JPA repositories in DEFAULT mode.
2024-12-18T09:53:02.889+05:30  INFO 12788 --- [CarerOutfit-Server] [restartedMain] .s.d.r.c.RepositoryConfigurationDelegate : Finished Spring Data repository scanning in 43 ms. Found 3 JPA repository interfaces.
2024-12-18T09:53:03.520+05:30  INFO 12788 --- [CarerOutfit-Server] [restartedMain] o.s.b.w.embedded.tomcat.TomcatWebServer  : Tomcat initialized with port 8080 (http)
2024-12-18T09:53:03.530+05:30  INFO 12788 --- [CarerOutfit-Server] [restartedMain] o.apache.catalina.core.StandardService   : Starting service [Tomcat]
2024-12-18T09:53:03.531+05:30  INFO 12788 --- [CarerOutfit-Server] [restartedMain] o.apache.catalina.core.StandardEngine    : Starting Servlet engine: [Apache Tomcat/10.1.24]
2024-12-18T09:53:03.586+05:30  INFO 12788 --- [CarerOutfit-Server] [restartedMain] o.a.c.c.C.[Tomcat].[localhost].[/]       : Initializing Spring embedded WebApplicationContext
2024-12-18T09:53:03.586+05:30  INFO 12788 --- [CarerOutfit-Server] [restartedMain] w.s.c.ServletWebServerApplicationContext : Root WebApplicationContext: initialization completed in 1506 ms
2024-12-18T09:53:03.865+05:30  INFO 12788 --- [CarerOutfit-Server] [restartedMain] o.hibernate.jpa.internal.util.LogHelper  : HHH000204: Processing PersistenceUnitInfo [name: default]
2024-12-18T09:53:03.908+05:30  INFO 12788 --- [CarerOutfit-Server] [restartedMain] org.hibernate.Version                    : HHH000412: Hibernate ORM core version 6.4.8.Final
2024-12-18T09:53:03.937+05:30  INFO 12788 --- [CarerOutfit-Server] [restartedMain] o.h.c.internal.RegionFactoryInitiator    : HHH000026: Second-level cache disabled
2024-12-18T09:53:04.137+05:30  INFO 12788 --- [CarerOutfit-Server] [restartedMain] o.s.o.j.p.SpringPersistenceUnitInfo      : No LoadTimeWeaver setup: ignoring JPA class transformer
2024-12-18T09:53:04.160+05:30  INFO 12788 --- [CarerOutfit-Server] [restartedMain] com.zaxxer.hikari.HikariDataSource       : HikariPool-1 - Starting...
2024-12-18T09:53:04.462+05:30  INFO 12788 --- [CarerOutfit-Server] [restartedMain] com.zaxxer.hikari.pool.HikariPool        : HikariPool-1 - Added connection com.mysql.cj.jdbc.ConnectionImpl@5dff31d0
2024-12-18T09:53:04.464+05:30  INFO 12788 --- [CarerOutfit-Server] [restartedMain] com.zaxxer.hikari.HikariDataSource       : HikariPool-1 - Start completed.
2024-12-18T09:53:05.230+05:30  INFO 12788 --- [CarerOutfit-Server] [restartedMain] o.h.e.t.j.p.i.JtaPlatformInitiator       : HHH000489: No JTA platform available (set 'hibernate.transaction.jta.platform' to enable JTA platform integration)
2024-12-18T09:53:05.288+05:30  INFO 12788 --- [CarerOutfit-Server] [restartedMain] j.LocalContainerEntityManagerFactoryBean : Initialized JPA EntityManagerFactory for persistence unit 'default'
2024-12-18T09:53:05.880+05:30  WARN 12788 --- [CarerOutfit-Server] [restartedMain] JpaBaseConfiguration$JpaWebConfiguration : spring.jpa.open-in-view is enabled by default. Therefore, database queries may be performed during view rendering. Explicitly configure spring.jpa.open-in-view to disable this warning
2024-12-18T09:53:06.324+05:30  INFO 12788 --- [CarerOutfit-Server] [restartedMain] o.s.b.a.e.web.EndpointLinksResolver      : Exposing 14 endpoint(s) beneath base path '/actuator'
2024-12-18T09:53:06.415+05:30  INFO 12788 --- [CarerOutfit-Server] [restartedMain] o.s.s.web.DefaultSecurityFilterChain     : Will secure any request with [org.springframework.security.web.session.DisableEncodeUrlFilter@89fa8a, org.springframework.security.web.context.request.async.WebAsyncManagerIntegrationFilter@726dfa2a, org.springframework.security.web.context.SecurityContextHolderFilter@3996e7bd, org.springframework.security.web.header.HeaderWriterFilter@60fa4d30, org.springframework.web.filter.CorsFilter@30d073ee, org.springframework.security.web.authentication.logout.LogoutFilter@4f22ea69, com.surya.rk.config.JwtAuthenticationFilter@42cb4b86, org.springframework.security.web.authentication.www.BasicAuthenticationFilter@3b4f9ebc, org.springframework.security.web.savedrequest.RequestCacheAwareFilter@e0eedc4, org.springframework.security.web.servletapi.SecurityContextHolderAwareRequestFilter@5da0a055, org.springframework.security.web.authentication.AnonymousAuthenticationFilter@56f72244, org.springframework.security.web.session.SessionManagementFilter@7402733, org.springframework.security.web.access.ExceptionTranslationFilter@8f2879b, org.springframework.security.web.access.intercept.AuthorizationFilter@18bf49bb]
2024-12-18T09:53:06.812+05:30  INFO 12788 --- [CarerOutfit-Server] [restartedMain] o.s.b.d.a.OptionalLiveReloadServer       : LiveReload server is running on port 35729
2024-12-18T09:53:06.873+05:30  INFO 12788 --- [CarerOutfit-Server] [restartedMain] o.s.b.w.embedded.tomcat.TomcatWebServer  : Tomcat started on port 8080 (http) with context path ''
2024-12-18T09:53:06.884+05:30  INFO 12788 --- [CarerOutfit-Server] [restartedMain] c.s.c.CarerOutfitServerApplication       : Started CarerOutfitServerApplication in 5.157 seconds (process running for 5.843)
2024-12-18T09:53:07.377+05:30  INFO 12788 --- [CarerOutfit-Server] [RMI TCP Connection(9)-127.0.0.1] o.a.c.c.C.[Tomcat].[localhost].[/]       : Initializing Spring DispatcherServlet 'dispatcherServlet'
2024-12-18T09:53:07.377+05:30  INFO 12788 --- [CarerOutfit-Server] [RMI TCP Connection(9)-127.0.0.1] o.s.web.servlet.DispatcherServlet        : Initializing Servlet 'dispatcherServlet'
2024-12-18T09:53:07.379+05:30  INFO 12788 --- [CarerOutfit-Server] [RMI TCP Connection(9)-127.0.0.1] o.s.web.servlet.DispatcherServlet        : Completed initialization in 1 ms
2025-08-20T17:13:15.932+05:30  INFO 17616 --- [CarerOutfit-Server] [restartedMain] c.surya.rk.CarerOutfitServerApplication  : Starting CarerOutfitServerApplication using Java 21.0.7 with PID 17616 (C:\Users\asus\Desktop\CarerOutfit-Server\target\classes started by asus in C:\Users\asus\Desktop\CarerOutfit-Server)
2025-08-20T17:13:15.936+05:30  INFO 17616 --- [CarerOutfit-Server] [restartedMain] c.surya.rk.CarerOutfitServerApplication  : No active profile set, falling back to 1 default profile: "default"
2025-08-20T17:13:16.009+05:30  INFO 17616 --- [CarerOutfit-Server] [restartedMain] .e.DevToolsPropertyDefaultsPostProcessor : Devtools property defaults active! Set 'spring.devtools.add-properties' to 'false' to disable
2025-08-20T17:13:16.010+05:30  INFO 17616 --- [CarerOutfit-Server] [restartedMain] .e.DevToolsPropertyDefaultsPostProcessor : For additional web related logging consider setting the 'logging.level.web' property to 'DEBUG'
2025-08-20T17:13:17.855+05:30  INFO 17616 --- [CarerOutfit-Server] [restartedMain] .s.d.r.c.RepositoryConfigurationDelegate : Bootstrapping Spring Data JPA repositories in DEFAULT mode.
2025-08-20T17:13:17.917+05:30  INFO 17616 --- [CarerOutfit-Server] [restartedMain] .s.d.r.c.RepositoryConfigurationDelegate : Finished Spring Data repository scanning in 55 ms. Found 2 JPA repository interfaces.
2025-08-20T17:13:18.985+05:30  INFO 17616 --- [CarerOutfit-Server] [restartedMain] o.s.b.w.embedded.tomcat.TomcatWebServer  : Tomcat initialized with port 8080 (http)
2025-08-20T17:13:19.002+05:30  INFO 17616 --- [CarerOutfit-Server] [restartedMain] o.apache.catalina.core.StandardService   : Starting service [Tomcat]
2025-08-20T17:13:19.002+05:30  INFO 17616 --- [CarerOutfit-Server] [restartedMain] o.apache.catalina.core.StandardEngine    : Starting Servlet engine: [Apache Tomcat/10.1.24]
2025-08-20T17:13:19.066+05:30  INFO 17616 --- [CarerOutfit-Server] [restartedMain] o.a.c.c.C.[Tomcat].[localhost].[/]       : Initializing Spring embedded WebApplicationContext
2025-08-20T17:13:19.067+05:30  INFO 17616 --- [CarerOutfit-Server] [restartedMain] w.s.c.ServletWebServerApplicationContext : Root WebApplicationContext: initialization completed in 3055 ms
2025-08-20T17:13:19.581+05:30  INFO 17616 --- [CarerOutfit-Server] [restartedMain] o.hibernate.jpa.internal.util.LogHelper  : HHH000204: Processing PersistenceUnitInfo [name: default]
2025-08-20T17:13:19.665+05:30  INFO 17616 --- [CarerOutfit-Server] [restartedMain] org.hibernate.Version                    : HHH000412: Hibernate ORM core version 6.4.8.Final
2025-08-20T17:13:19.711+05:30  INFO 17616 --- [CarerOutfit-Server] [restartedMain] o.h.c.internal.RegionFactoryInitiator    : HHH000026: Second-level cache disabled
2025-08-20T17:13:19.999+05:30  INFO 17616 --- [CarerOutfit-Server] [restartedMain] o.s.o.j.p.SpringPersistenceUnitInfo      : No LoadTimeWeaver setup: ignoring JPA class transformer
2025-08-20T17:13:20.036+05:30  INFO 17616 --- [CarerOutfit-Server] [restartedMain] com.zaxxer.hikari.HikariDataSource       : HikariPool-1 - Starting...
2025-08-20T17:13:20.434+05:30  INFO 17616 --- [CarerOutfit-Server] [restartedMain] com.zaxxer.hikari.pool.HikariPool        : HikariPool-1 - Added connection com.mysql.cj.jdbc.ConnectionImpl@1bed567c
2025-08-20T17:13:20.437+05:30  INFO 17616 --- [CarerOutfit-Server] [restartedMain] com.zaxxer.hikari.HikariDataSource       : HikariPool-1 - Start completed.
2025-08-20T17:13:21.675+05:30  INFO 17616 --- [CarerOutfit-Server] [restartedMain] o.h.e.t.j.p.i.JtaPlatformInitiator       : HHH000489: No JTA platform available (set 'hibernate.transaction.jta.platform' to enable JTA platform integration)
2025-08-20T17:13:21.896+05:30  INFO 17616 --- [CarerOutfit-Server] [restartedMain] j.LocalContainerEntityManagerFactoryBean : Initialized JPA EntityManagerFactory for persistence unit 'default'
2025-08-20T17:13:22.770+05:30  WARN 17616 --- [CarerOutfit-Server] [restartedMain] JpaBaseConfiguration$JpaWebConfiguration : spring.jpa.open-in-view is enabled by default. Therefore, database queries may be performed during view rendering. Explicitly configure spring.jpa.open-in-view to disable this warning
2025-08-20T17:13:23.372+05:30  INFO 17616 --- [CarerOutfit-Server] [restartedMain] o.s.b.a.e.web.EndpointLinksResolver      : Exposing 14 endpoint(s) beneath base path '/actuator'
2025-08-20T17:13:23.502+05:30  INFO 17616 --- [CarerOutfit-Server] [restartedMain] o.s.s.web.DefaultSecurityFilterChain     : Will secure any request with [org.springframework.security.web.session.DisableEncodeUrlFilter@29db138b, org.springframework.security.web.context.request.async.WebAsyncManagerIntegrationFilter@16e10ff3, org.springframework.security.web.context.SecurityContextHolderFilter@4fc8f0cd, org.springframework.security.web.header.HeaderWriterFilter@3688cd35, org.springframework.web.filter.CorsFilter@250bdd9e, org.springframework.security.web.authentication.logout.LogoutFilter@4f3affd6, com.surya.rk.config.JwtAuthenticationFilter@42e0a329, org.springframework.security.web.authentication.www.BasicAuthenticationFilter@1b0a0a07, org.springframework.security.web.savedrequest.RequestCacheAwareFilter@220d68da, org.springframework.security.web.servletapi.SecurityContextHolderAwareRequestFilter@59a70115, org.springframework.security.web.authentication.AnonymousAuthenticationFilter@144f6387, org.springframework.security.web.session.SessionManagementFilter@769460e0, org.springframework.security.web.access.ExceptionTranslationFilter@4f46a5dc, org.springframework.security.web.access.intercept.AuthorizationFilter@2aacbbd]
2025-08-20T17:13:24.102+05:30  INFO 17616 --- [CarerOutfit-Server] [restartedMain] o.s.b.d.a.OptionalLiveReloadServer       : LiveReload server is running on port 35729
2025-08-20T17:13:24.179+05:30  INFO 17616 --- [CarerOutfit-Server] [restartedMain] o.s.b.w.embedded.tomcat.TomcatWebServer  : Tomcat started on port 8080 (http) with context path ''
2025-08-20T17:13:24.196+05:30  INFO 17616 --- [CarerOutfit-Server] [restartedMain] c.surya.rk.CarerOutfitServerApplication  : Started CarerOutfitServerApplication in 8.899 seconds (process running for 14.497)
2025-08-20T17:13:54.122+05:30  INFO 17616 --- [CarerOutfit-Server] [File Watcher] rtingClassPathChangeChangedEventListener : Restarting due to 1 class path change (0 additions, 0 deletions, 1 modification)
2025-08-20T17:13:54.138+05:30  INFO 17616 --- [CarerOutfit-Server] [Thread-5] j.LocalContainerEntityManagerFactoryBean : Closing JPA EntityManagerFactory for persistence unit 'default'
2025-08-20T17:13:54.142+05:30  INFO 17616 --- [CarerOutfit-Server] [Thread-5] com.zaxxer.hikari.HikariDataSource       : HikariPool-1 - Shutdown initiated...
2025-08-20T17:13:54.157+05:30  INFO 17616 --- [CarerOutfit-Server] [Thread-5] com.zaxxer.hikari.HikariDataSource       : HikariPool-1 - Shutdown completed.
2025-08-20T17:13:54.251+05:30  INFO 17616 --- [CarerOutfit-Server] [restartedMain] c.surya.rk.CarerOutfitServerApplication  : Starting CarerOutfitServerApplication using Java 21.0.7 with PID 17616 (C:\Users\asus\Desktop\CarerOutfit-Server\target\classes started by asus in C:\Users\asus\Desktop\CarerOutfit-Server)
2025-08-20T17:13:54.253+05:30  INFO 17616 --- [CarerOutfit-Server] [restartedMain] c.surya.rk.CarerOutfitServerApplication  : No active profile set, falling back to 1 default profile: "default"
2025-08-20T17:13:54.729+05:30  INFO 17616 --- [CarerOutfit-Server] [restartedMain] .s.d.r.c.RepositoryConfigurationDelegate : Bootstrapping Spring Data JPA repositories in DEFAULT mode.
2025-08-20T17:13:54.754+05:30  INFO 17616 --- [CarerOutfit-Server] [restartedMain] .s.d.r.c.RepositoryConfigurationDelegate : Finished Spring Data repository scanning in 24 ms. Found 2 JPA repository interfaces.
2025-08-20T17:13:55.021+05:30  INFO 17616 --- [CarerOutfit-Server] [restartedMain] o.s.b.w.embedded.tomcat.TomcatWebServer  : Tomcat initialized with port 8080 (http)
2025-08-20T17:13:55.023+05:30  INFO 17616 --- [CarerOutfit-Server] [restartedMain] o.apache.catalina.core.StandardService   : Starting service [Tomcat]
2025-08-20T17:13:55.023+05:30  INFO 17616 --- [CarerOutfit-Server] [restartedMain] o.apache.catalina.core.StandardEngine    : Starting Servlet engine: [Apache Tomcat/10.1.24]
2025-08-20T17:13:55.045+05:30  INFO 17616 --- [CarerOutfit-Server] [restartedMain] o.a.c.c.C.[Tomcat].[localhost].[/]       : Initializing Spring embedded WebApplicationContext
2025-08-20T17:13:55.045+05:30  INFO 17616 --- [CarerOutfit-Server] [restartedMain] w.s.c.ServletWebServerApplicationContext : Root WebApplicationContext: initialization completed in 789 ms
2025-08-20T17:13:55.250+05:30  INFO 17616 --- [CarerOutfit-Server] [restartedMain] o.hibernate.jpa.internal.util.LogHelper  : HHH000204: Processing PersistenceUnitInfo [name: default]
2025-08-20T17:13:55.255+05:30  INFO 17616 --- [CarerOutfit-Server] [restartedMain] o.h.c.internal.RegionFactoryInitiator    : HHH000026: Second-level cache disabled
2025-08-20T17:13:55.262+05:30  INFO 17616 --- [CarerOutfit-Server] [restartedMain] o.s.o.j.p.SpringPersistenceUnitInfo      : No LoadTimeWeaver setup: ignoring JPA class transformer
2025-08-20T17:13:55.263+05:30  INFO 17616 --- [CarerOutfit-Server] [restartedMain] com.zaxxer.hikari.HikariDataSource       : HikariPool-2 - Starting...
2025-08-20T17:13:55.279+05:30  INFO 17616 --- [CarerOutfit-Server] [restartedMain] com.zaxxer.hikari.pool.HikariPool        : HikariPool-2 - Added connection com.mysql.cj.jdbc.ConnectionImpl@c0f61d7
2025-08-20T17:13:55.279+05:30  INFO 17616 --- [CarerOutfit-Server] [restartedMain] com.zaxxer.hikari.HikariDataSource       : HikariPool-2 - Start completed.
2025-08-20T17:13:55.358+05:30  INFO 17616 --- [CarerOutfit-Server] [restartedMain] o.h.e.t.j.p.i.JtaPlatformInitiator       : HHH000489: No JTA platform available (set 'hibernate.transaction.jta.platform' to enable JTA platform integration)
2025-08-20T17:13:55.408+05:30  INFO 17616 --- [CarerOutfit-Server] [restartedMain] j.LocalContainerEntityManagerFactoryBean : Initialized JPA EntityManagerFactory for persistence unit 'default'
2025-08-20T17:13:55.745+05:30  WARN 17616 --- [CarerOutfit-Server] [restartedMain] JpaBaseConfiguration$JpaWebConfiguration : spring.jpa.open-in-view is enabled by default. Therefore, database queries may be performed during view rendering. Explicitly configure spring.jpa.open-in-view to disable this warning
2025-08-20T17:13:56.182+05:30  INFO 17616 --- [CarerOutfit-Server] [restartedMain] o.s.b.a.e.web.EndpointLinksResolver      : Exposing 14 endpoint(s) beneath base path '/actuator'
2025-08-20T17:13:56.300+05:30  INFO 17616 --- [CarerOutfit-Server] [restartedMain] o.s.s.web.DefaultSecurityFilterChain     : Will secure any request with [org.springframework.security.web.session.DisableEncodeUrlFilter@6c4643f2, org.springframework.security.web.context.request.async.WebAsyncManagerIntegrationFilter@52074fdd, org.springframework.security.web.context.SecurityContextHolderFilter@e77a975, org.springframework.security.web.header.HeaderWriterFilter@287b3559, org.springframework.web.filter.CorsFilter@75eb77f6, org.springframework.security.web.authentication.logout.LogoutFilter@1034778c, com.surya.rk.config.JwtAuthenticationFilter@471a34ee, org.springframework.security.web.authentication.www.BasicAuthenticationFilter@574d3659, org.springframework.security.web.savedrequest.RequestCacheAwareFilter@562ad956, org.springframework.security.web.servletapi.SecurityContextHolderAwareRequestFilter@17ef0179, org.springframework.security.web.authentication.AnonymousAuthenticationFilter@5bf33aa9, org.springframework.security.web.session.SessionManagementFilter@7ea514fe, org.springframework.security.web.access.ExceptionTranslationFilter@75c5d029, org.springframework.security.web.access.intercept.AuthorizationFilter@54a7e042]
2025-08-20T17:13:56.900+05:30  INFO 17616 --- [CarerOutfit-Server] [restartedMain] o.s.b.d.a.OptionalLiveReloadServer       : LiveReload server is running on port 35729
2025-08-20T17:13:56.955+05:30  INFO 17616 --- [CarerOutfit-Server] [restartedMain] o.s.b.w.embedded.tomcat.TomcatWebServer  : Tomcat started on port 8080 (http) with context path ''
2025-08-20T17:13:56.975+05:30  INFO 17616 --- [CarerOutfit-Server] [restartedMain] c.surya.rk.CarerOutfitServerApplication  : Started CarerOutfitServerApplication in 2.756 seconds (process running for 47.276)
2025-08-20T17:13:56.980+05:30  INFO 17616 --- [CarerOutfit-Server] [restartedMain] .ConditionEvaluationDeltaLoggingListener : Condition evaluation unchanged
2025-08-20T17:14:14.073+05:30  INFO 17616 --- [CarerOutfit-Server] [http-nio-8080-exec-2] o.a.c.c.C.[Tomcat].[localhost].[/]       : Initializing Spring DispatcherServlet 'dispatcherServlet'
2025-08-20T17:14:14.074+05:30  INFO 17616 --- [CarerOutfit-Server] [http-nio-8080-exec-2] o.s.web.servlet.DispatcherServlet        : Initializing Servlet 'dispatcherServlet'
2025-08-20T17:14:14.080+05:30  INFO 17616 --- [CarerOutfit-Server] [http-nio-8080-exec-2] o.s.web.servlet.DispatcherServlet        : Completed initialization in 5 ms
2025-08-20T17:14:14.425+05:30  WARN 17616 --- [CarerOutfit-Server] [http-nio-8080-exec-2] .w.s.m.s.DefaultHandlerExceptionResolver : Resolved [org.springframework.web.bind.MethodArgumentNotValidException: Validation failed for argument [0] in public org.springframework.http.ResponseEntity<?> com.surya.rk.controller.auth.AuthController.signupUser(com.surya.rk.dto.SignupRequest): [Field error in object 'signupRequest' on field 'name': rejected value [null]; codes [NotBlank.signupRequest.name,NotBlank.name,NotBlank.java.lang.String,NotBlank]; arguments [org.springframework.context.support.DefaultMessageSourceResolvable: codes [signupRequest.name,name]; arguments []; default message [name]]; default message [Name is mandatory]] ]
2025-08-20T17:15:04.950+05:30  INFO 17616 --- [CarerOutfit-Server] [http-nio-8080-exec-3] c.s.rk.controller.auth.AuthController    : User created Succesfuly 
2025-08-20T17:16:48.935+05:30  INFO 17616 --- [CarerOutfit-Server] [RMI TCP Connection(14)-127.0.0.1] inMXBeanRegistrar$SpringApplicationAdmin : Application shutdown requested.
2025-08-20T17:16:48.943+05:30  INFO 17616 --- [CarerOutfit-Server] [RMI TCP Connection(14)-127.0.0.1] j.LocalContainerEntityManagerFactoryBean : Closing JPA EntityManagerFactory for persistence unit 'default'
2025-08-20T17:16:48.944+05:30  INFO 17616 --- [CarerOutfit-Server] [RMI TCP Connection(14)-127.0.0.1] com.zaxxer.hikari.HikariDataSource       : HikariPool-2 - Shutdown initiated...
2025-08-20T17:16:48.949+05:30  INFO 17616 --- [CarerOutfit-Server] [RMI TCP Connection(14)-127.0.0.1] com.zaxxer.hikari.HikariDataSource       : HikariPool-2 - Shutdown completed.
