2025-08-22T10:16:24.979+05:30  INFO 21888 --- [CarerOutfit-Server] [restartedMain] c.surya.rk.CarerOutfitServerApplication  : Starting CarerOutfitServerApplication using Java 21.0.7 with PID 21888 (C:\Users\KARTHIK RAM\Documents\sts-wipro-microservices\UserAuth-Service\UserAuth-Server\target\classes started by KARTHIK RAM in C:\Users\KARTHIK RAM\Documents\sts-wipro-microservices\UserAuth-Service\UserAuth-Server)
2025-08-22T10:16:25.022+05:30  INFO 21888 --- [CarerOutfit-Server] [restartedMain] c.surya.rk.CarerOutfitServerApplication  : No active profile set, falling back to 1 default profile: "default"
2025-08-22T10:16:25.273+05:30  INFO 21888 --- [CarerOutfit-Server] [restartedMain] .e.DevToolsPropertyDefaultsPostProcessor : Devtools property defaults active! Set 'spring.devtools.add-properties' to 'false' to disable
2025-08-22T10:16:25.275+05:30  INFO 21888 --- [CarerOutfit-Server] [restartedMain] .e.DevToolsPropertyDefaultsPostProcessor : For additional web related logging consider setting the 'logging.level.web' property to 'DEBUG'
2025-08-22T10:16:30.186+05:30  INFO 21888 --- [CarerOutfit-Server] [restartedMain] .s.d.r.c.RepositoryConfigurationDelegate : Bootstrapping Spring Data JPA repositories in DEFAULT mode.
2025-08-22T10:16:30.538+05:30  INFO 21888 --- [CarerOutfit-Server] [restartedMain] .s.d.r.c.RepositoryConfigurationDelegate : Finished Spring Data repository scanning in 314 ms. Found 2 JPA repository interfaces.
2025-08-22T10:16:34.784+05:30  INFO 21888 --- [CarerOutfit-Server] [restartedMain] o.s.b.w.embedded.tomcat.TomcatWebServer  : Tomcat initialized with port 8080 (http)
2025-08-22T10:16:34.844+05:30  INFO 21888 --- [CarerOutfit-Server] [restartedMain] o.apache.catalina.core.StandardService   : Starting service [Tomcat]
2025-08-22T10:16:34.844+05:30  INFO 21888 --- [CarerOutfit-Server] [restartedMain] o.apache.catalina.core.StandardEngine    : Starting Servlet engine: [Apache Tomcat/10.1.24]
2025-08-22T10:16:35.092+05:30  INFO 21888 --- [CarerOutfit-Server] [restartedMain] o.a.c.c.C.[Tomcat].[localhost].[/]       : Initializing Spring embedded WebApplicationContext
2025-08-22T10:16:35.093+05:30  INFO 21888 --- [CarerOutfit-Server] [restartedMain] w.s.c.ServletWebServerApplicationContext : Root WebApplicationContext: initialization completed in 9816 ms
2025-08-22T10:16:36.752+05:30  INFO 21888 --- [CarerOutfit-Server] [restartedMain] o.hibernate.jpa.internal.util.LogHelper  : HHH000204: Processing PersistenceUnitInfo [name: default]
2025-08-22T10:16:37.161+05:30  INFO 21888 --- [CarerOutfit-Server] [restartedMain] org.hibernate.Version                    : HHH000412: Hibernate ORM core version 6.4.8.Final
2025-08-22T10:16:37.380+05:30  INFO 21888 --- [CarerOutfit-Server] [restartedMain] o.h.c.internal.RegionFactoryInitiator    : HHH000026: Second-level cache disabled
2025-08-22T10:16:38.616+05:30  INFO 21888 --- [CarerOutfit-Server] [restartedMain] o.s.o.j.p.SpringPersistenceUnitInfo      : No LoadTimeWeaver setup: ignoring JPA class transformer
2025-08-22T10:16:38.762+05:30  INFO 21888 --- [CarerOutfit-Server] [restartedMain] com.zaxxer.hikari.HikariDataSource       : HikariPool-1 - Starting...
2025-08-22T10:16:40.663+05:30  INFO 21888 --- [CarerOutfit-Server] [restartedMain] com.zaxxer.hikari.pool.HikariPool        : HikariPool-1 - Added connection com.mysql.cj.jdbc.ConnectionImpl@3cc84f34
2025-08-22T10:16:40.674+05:30  INFO 21888 --- [CarerOutfit-Server] [restartedMain] com.zaxxer.hikari.HikariDataSource       : HikariPool-1 - Start completed.
2025-08-22T10:16:41.130+05:30  WARN 21888 --- [CarerOutfit-Server] [restartedMain] org.hibernate.orm.deprecation            : HHH90000025: MySQLDialect does not need to be specified explicitly using 'hibernate.dialect' (remove the property setting and it will be selected by default)
2025-08-22T10:16:46.690+05:30  INFO 21888 --- [CarerOutfit-Server] [restartedMain] o.h.e.t.j.p.i.JtaPlatformInitiator       : HHH000489: No JTA platform available (set 'hibernate.transaction.jta.platform' to enable JTA platform integration)
2025-08-22T10:16:47.210+05:30  INFO 21888 --- [CarerOutfit-Server] [restartedMain] j.LocalContainerEntityManagerFactoryBean : Initialized JPA EntityManagerFactory for persistence unit 'default'
2025-08-22T10:16:50.352+05:30 DEBUG 21888 --- [CarerOutfit-Server] [restartedMain] org.hibernate.SQL                        : select u1_0.id,u1_0.email,u1_0.name,u1_0.password,u1_0.user_role from user u1_0 where u1_0.user_role=?
2025-08-22T10:16:51.103+05:30  WARN 21888 --- [CarerOutfit-Server] [restartedMain] JpaBaseConfiguration$JpaWebConfiguration : spring.jpa.open-in-view is enabled by default. Therefore, database queries may be performed during view rendering. Explicitly configure spring.jpa.open-in-view to disable this warning
2025-08-22T10:16:53.873+05:30  INFO 21888 --- [CarerOutfit-Server] [restartedMain] o.s.b.a.e.web.EndpointLinksResolver      : Exposing 14 endpoint(s) beneath base path '/actuator'
2025-08-22T10:16:54.364+05:30  INFO 21888 --- [CarerOutfit-Server] [restartedMain] o.s.s.web.DefaultSecurityFilterChain     : Will secure any request with [org.springframework.security.web.session.DisableEncodeUrlFilter@278412b5, org.springframework.security.web.context.request.async.WebAsyncManagerIntegrationFilter@64008e7b, org.springframework.security.web.context.SecurityContextHolderFilter@3ea323c0, org.springframework.security.web.header.HeaderWriterFilter@1ae49399, org.springframework.web.filter.CorsFilter@3be319f0, org.springframework.security.web.authentication.logout.LogoutFilter@4e65fe88, com.surya.rk.config.JwtAuthenticationFilter@3f8cbd3b, org.springframework.security.web.authentication.www.BasicAuthenticationFilter@5efefa0a, org.springframework.security.web.savedrequest.RequestCacheAwareFilter@6e51f566, org.springframework.security.web.servletapi.SecurityContextHolderAwareRequestFilter@216cba31, org.springframework.security.web.authentication.AnonymousAuthenticationFilter@294c0c76, org.springframework.security.web.session.SessionManagementFilter@65035e7b, org.springframework.security.web.access.ExceptionTranslationFilter@6595defa, org.springframework.security.web.access.intercept.AuthorizationFilter@17d0b2d0]
2025-08-22T10:16:56.526+05:30  INFO 21888 --- [CarerOutfit-Server] [restartedMain] o.s.b.d.a.OptionalLiveReloadServer       : LiveReload server is running on port 35729
2025-08-22T10:16:56.843+05:30  INFO 21888 --- [CarerOutfit-Server] [restartedMain] o.s.b.w.embedded.tomcat.TomcatWebServer  : Tomcat started on port 8080 (http) with context path ''
2025-08-22T10:16:56.902+05:30  INFO 21888 --- [CarerOutfit-Server] [restartedMain] c.surya.rk.CarerOutfitServerApplication  : Started CarerOutfitServerApplication in 33.718 seconds (process running for 37.876)
2025-08-22T10:16:58.533+05:30  INFO 21888 --- [CarerOutfit-Server] [RMI TCP Connection(4)-127.0.0.1] o.a.c.c.C.[Tomcat].[localhost].[/]       : Initializing Spring DispatcherServlet 'dispatcherServlet'
2025-08-22T10:16:58.534+05:30  INFO 21888 --- [CarerOutfit-Server] [RMI TCP Connection(4)-127.0.0.1] o.s.web.servlet.DispatcherServlet        : Initializing Servlet 'dispatcherServlet'
2025-08-22T10:16:58.541+05:30  INFO 21888 --- [CarerOutfit-Server] [RMI TCP Connection(4)-127.0.0.1] o.s.web.servlet.DispatcherServlet        : Completed initialization in 7 ms
2025-08-22T10:17:45.624+05:30  WARN 21888 --- [CarerOutfit-Server] [http-nio-8080-exec-1] .w.s.m.s.DefaultHandlerExceptionResolver : Resolved [org.springframework.web.HttpRequestMethodNotSupportedException: Request method 'GET' is not supported]
2025-08-22T10:17:56.501+05:30 DEBUG 21888 --- [CarerOutfit-Server] [http-nio-8080-exec-4] org.hibernate.SQL                        : select u1_0.id,u1_0.email,u1_0.name,u1_0.password,u1_0.user_role from user u1_0 where u1_0.email=? limit ?
2025-08-22T10:17:56.570+05:30 DEBUG 21888 --- [CarerOutfit-Server] [http-nio-8080-exec-4] org.hibernate.SQL                        : select u1_0.id,u1_0.email,u1_0.name,u1_0.password,u1_0.user_role from user u1_0 where u1_0.email=? limit ?
2025-08-22T10:17:57.202+05:30 DEBUG 21888 --- [CarerOutfit-Server] [http-nio-8080-exec-4] org.hibernate.SQL                        : insert into user (email,name,password,user_role) values (?,?,?,?)
2025-08-22T10:17:57.315+05:30  INFO 21888 --- [CarerOutfit-Server] [http-nio-8080-exec-4] c.s.rk.controller.auth.AuthController    : User created Succesfuly 
2025-08-22T10:18:54.079+05:30 DEBUG 21888 --- [CarerOutfit-Server] [http-nio-8080-exec-3] org.hibernate.SQL                        : select u1_0.id,u1_0.email,u1_0.name,u1_0.password,u1_0.user_role from user u1_0 where u1_0.email=? limit ?
2025-08-22T10:18:54.491+05:30 DEBUG 21888 --- [CarerOutfit-Server] [http-nio-8080-exec-3] org.hibernate.SQL                        : select u1_0.id,u1_0.email,u1_0.name,u1_0.password,u1_0.user_role from user u1_0 where u1_0.email=? limit ?
2025-08-22T10:18:54.503+05:30 DEBUG 21888 --- [CarerOutfit-Server] [http-nio-8080-exec-3] org.hibernate.SQL                        : select u1_0.id,u1_0.email,u1_0.name,u1_0.password,u1_0.user_role from user u1_0 where u1_0.email=? limit ?
2025-08-22T12:20:29.361+05:30  INFO 21888 --- [CarerOutfit-Server] [File Watcher] rtingClassPathChangeChangedEventListener : Restarting due to 23 class path changes (0 additions, 23 deletions, 0 modifications)
2025-08-22T12:20:31.686+05:30  INFO 21888 --- [CarerOutfit-Server] [Thread-5] j.LocalContainerEntityManagerFactoryBean : Closing JPA EntityManagerFactory for persistence unit 'default'
2025-08-22T12:20:31.976+05:30  INFO 21888 --- [CarerOutfit-Server] [Thread-5] com.zaxxer.hikari.HikariDataSource       : HikariPool-1 - Shutdown initiated...
2025-08-22T12:20:33.224+05:30  INFO 21888 --- [CarerOutfit-Server] [Thread-5] com.zaxxer.hikari.HikariDataSource       : HikariPool-1 - Shutdown completed.
